Using pre-set license
Built from '2021.1/staging' branch; Version is '2021.1.7f1 (d91830b65d9b) revision 14227504'; Using compiler version '192528614'; Build Type 'Release'
OS: 'Windows 10 Home; OS build 19043.1237; Version 2009; 64bit' Language: 'ru' Physical Memory: 16339 MB
BatchMode: 1, IsHumanControllingUs: 0, StartBugReporterOnCrash: 0, Is64bit: 1, IsPro: 0

 COMMAND LINE ARGUMENTS:
E:\UnityStuff\2021.1.7f1\Editor\Unity.exe
-adb2
-batchMode
-noUpm
-name
AssetImportWorker0
-projectPath
E:/UnityProjects/2DPlatformer
-logFile
Logs/AssetImportWorker0.log
-srvPort
56459
Successfully changed project path to: E:/UnityProjects/2DPlatformer
E:/UnityProjects/2DPlatformer
Using Asset Import Pipeline V2.
Refreshing native plugins compatible for Editor in 138.76 ms, found 2 plugins.
Preloading 0 native plugins for Editor in 0.00 ms.
Initialize engine version: 2021.1.7f1 (d91830b65d9b)
[Subsystems] Discovering subsystems at path E:/UnityStuff/2021.1.7f1/Editor/Data/Resources/UnitySubsystems
[Subsystems] Discovering subsystems at path E:/UnityProjects/2DPlatformer/Assets
GfxDevice: creating device client; threaded=0; jobified=0
Direct3D:
    Version:  Direct3D 11.0 [level 11.1]
    Renderer: NVIDIA GeForce GTX 960 (ID=0x1401)
    Vendor:   NVIDIA
    VRAM:     2007 MB
    Driver:   30.0.14.7168
Initialize mono
Mono path[0] = 'E:/UnityStuff/2021.1.7f1/Editor/Data/Managed'
Mono path[1] = 'E:/UnityStuff/2021.1.7f1/Editor/Data/MonoBleedingEdge/lib/mono/unityjit'
Mono config path = 'E:/UnityStuff/2021.1.7f1/Editor/Data/MonoBleedingEdge/etc'
Using monoOptions --debugger-agent=transport=dt_socket,embedding=1,server=y,suspend=n,address=127.0.0.1:56316
Begin MonoManager ReloadAssembly
Registering precompiled unity dll's ...
Register platform support module: E:/UnityStuff/2021.1.7f1/Editor/Data/PlaybackEngines/WindowsStandaloneSupport/UnityEditor.WindowsStandalone.Extensions.dll
Registered in 0.001651 seconds.
Native extension for WindowsStandalone target not found
Refreshing native plugins compatible for Editor in 145.26 ms, found 2 plugins.
Preloading 0 native plugins for Editor in 0.00 ms.
Mono: successfully reloaded assembly
- Completed reload, in  1.635 seconds
Platform modules already initialized, skipping
Registering precompiled user dll's ...
Registered in 0.002935 seconds.
Begin MonoManager ReloadAssembly
Symbol file LoadedFromMemory doesn't match image E:\UnityProjects\2DPlatformer\Library\PackageCache\com.unity.visualscripting@1.6.1\Editor\VisualScripting.Core\Dependencies\YamlDotNet\Unity.VisualScripting.YamlDotNet.dll
Symbol file LoadedFromMemory doesn't match image E:\UnityProjects\2DPlatformer\Library\PackageCache\com.unity.visualscripting@1.6.1\Editor\VisualScripting.Core\Dependencies\DotNetZip\Unity.VisualScripting.IonicZip.dll
Native extension for WindowsStandalone target not found
Refreshing native plugins compatible for Editor in 145.02 ms, found 2 plugins.
Preloading 0 native plugins for Editor in 0.00 ms.
Mono: successfully reloaded assembly
- Completed reload, in  1.617 seconds
Platform modules already initialized, skipping
========================================================================
Worker process is ready to serve import requests
Launched and connected shader compiler UnityShaderCompiler.exe after 0.08 seconds
Refreshing native plugins compatible for Editor in 0.84 ms, found 2 plugins.
Preloading 0 native plugins for Editor in 0.00 ms.
Unloading 3679 Unused Serialized files (Serialized files now loaded: 0)
System memory in use before: 138.8 MB.
System memory in use after: 138.9 MB.

Unloading 30 unused Assets to reduce memory usage. Loaded Objects now: 4134.
Total: 3.290000 ms (FindLiveObjects: 0.347800 ms CreateObjectMapping: 0.192100 ms MarkObjects: 2.584900 ms  DeleteObjects: 0.163300 ms)

========================================================================
Received Import Request.
  path: Assets/Code/Input/InputActions.inputactions
  artifactKey: Guid(3e03b250fd91d5a41b69958b6ee2099f) Importer(815301076,1909f56bfc062723c751e8b465ee728b)
Start importing Assets/Code/Input/InputActions.inputactions using Guid(3e03b250fd91d5a41b69958b6ee2099f) Importer(815301076,1909f56bfc062723c751e8b465ee728b)  -> (artifact id: '39727b3b8f17204378fcaef5bd4acea4') in 0.081611 seconds 
========================================================================
Received Import Request.
  Time since last request: 247.239940 seconds.
  path: Assets/Code/Input/InputActions.inputactions
  artifactKey: Guid(3e03b250fd91d5a41b69958b6ee2099f) Importer(815301076,1909f56bfc062723c751e8b465ee728b)
Start importing Assets/Code/Input/InputActions.inputactions using Guid(3e03b250fd91d5a41b69958b6ee2099f) Importer(815301076,1909f56bfc062723c751e8b465ee728b)  -> (artifact id: 'dbae95ba855bd3738b1b9de92f040d4f') in 0.008655 seconds 
========================================================================
Received Prepare
Registering precompiled user dll's ...
Registered in 0.002941 seconds.
Begin MonoManager ReloadAssembly
Symbol file LoadedFromMemory doesn't match image E:\UnityProjects\2DPlatformer\Library\PackageCache\com.unity.visualscripting@1.6.1\Editor\VisualScripting.Core\Dependencies\YamlDotNet\Unity.VisualScripting.YamlDotNet.dll
Symbol file LoadedFromMemory doesn't match image E:\UnityProjects\2DPlatformer\Library\PackageCache\com.unity.visualscripting@1.6.1\Editor\VisualScripting.Core\Dependencies\DotNetZip\Unity.VisualScripting.IonicZip.dll
Native extension for WindowsStandalone target not found
Refreshing native plugins compatible for Editor in 1.41 ms, found 2 plugins.
Preloading 0 native plugins for Editor in 0.00 ms.
Mono: successfully reloaded assembly
- Completed reload, in  1.393 seconds
Platform modules already initialized, skipping
Refreshing native plugins compatible for Editor in 0.86 ms, found 2 plugins.
Preloading 0 native plugins for Editor in 0.00 ms.
Unloading 3675 Unused Serialized files (Serialized files now loaded: 0)
System memory in use before: 139.0 MB.
System memory in use after: 139.1 MB.

Unloading 16 unused Assets to reduce memory usage. Loaded Objects now: 4139.
Total: 3.321500 ms (FindLiveObjects: 0.386800 ms CreateObjectMapping: 0.191800 ms MarkObjects: 2.589100 ms  DeleteObjects: 0.151800 ms)

========================================================================
Received Import Request.
  Time since last request: 96.893683 seconds.
  path: Assets/Code/Input/InputActions.inputactions
  artifactKey: Guid(3e03b250fd91d5a41b69958b6ee2099f) Importer(815301076,1909f56bfc062723c751e8b465ee728b)
Start importing Assets/Code/Input/InputActions.inputactions using Guid(3e03b250fd91d5a41b69958b6ee2099f) Importer(815301076,1909f56bfc062723c751e8b465ee728b)  -> (artifact id: '0eb150fdc9c56d7b91dd59ee000eef30') in 0.031774 seconds 
========================================================================
Received Prepare
Registering precompiled user dll's ...
Registered in 0.002868 seconds.
Begin MonoManager ReloadAssembly
Symbol file LoadedFromMemory doesn't match image E:\UnityProjects\2DPlatformer\Library\PackageCache\com.unity.visualscripting@1.6.1\Editor\VisualScripting.Core\Dependencies\YamlDotNet\Unity.VisualScripting.YamlDotNet.dll
Symbol file LoadedFromMemory doesn't match image E:\UnityProjects\2DPlatformer\Library\PackageCache\com.unity.visualscripting@1.6.1\Editor\VisualScripting.Core\Dependencies\DotNetZip\Unity.VisualScripting.IonicZip.dll
Native extension for WindowsStandalone target not found
Refreshing native plugins compatible for Editor in 1.16 ms, found 2 plugins.
Preloading 0 native plugins for Editor in 0.00 ms.
Mono: successfully reloaded assembly
- Completed reload, in  1.371 seconds
Platform modules already initialized, skipping
Refreshing native plugins compatible for Editor in 0.94 ms, found 2 plugins.
Preloading 0 native plugins for Editor in 0.00 ms.
Unloading 3675 Unused Serialized files (Serialized files now loaded: 0)
System memory in use before: 139.1 MB.
System memory in use after: 139.2 MB.

Unloading 16 unused Assets to reduce memory usage. Loaded Objects now: 4143.
Total: 4.180100 ms (FindLiveObjects: 0.384300 ms CreateObjectMapping: 0.248400 ms MarkObjects: 3.269400 ms  DeleteObjects: 0.275700 ms)

========================================================================
Received Import Request.
  Time since last request: 39.654399 seconds.
  path: Assets/Code/Input/InputManager.cs
  artifactKey: Guid(01dfd870bf0a9594599b79e6284bcdb7) Importer(815301076,1909f56bfc062723c751e8b465ee728b)
Start importing Assets/Code/Input/InputManager.cs using Guid(01dfd870bf0a9594599b79e6284bcdb7) Importer(815301076,1909f56bfc062723c751e8b465ee728b)  -> (artifact id: '0569497687e570cc385845df96fe0077') in 0.026285 seconds 
